<?xml version="1.0" encoding="UTF-8"?>
<!-- Generated by org.testng.reporters.JUnitReportReporter -->
<testsuite hostname="DESKTOP-22HC58E" failures="0" tests="1" name="rough.LoginTest2" time="8.793" errors="0" timestamp="2022-07-02T18:02:51 PDT" skipped="0">
  <testcase classname="rough.LoginTest2" name="LoginTest" time="8.793"/>
  <system-out/>
</testsuite> <!-- rough.LoginTest2 -->
